<?xml version="1.0" encoding="UTF-8"?>
<!-- Generated by org.testng.reporters.JUnitReportReporter -->
<testsuite hostname="LAPTOP-5FML62AU" failures="0" tests="1" name="seliniumcommands.DemoWebShop" time="8.373" errors="0" timestamp="2023-06-10T06:55:29 IST" skipped="0">
  <testcase classname="seliniumcommands.DemoWebShop" name="tc_06_verifyRegistrationUsingRandomGenerator" time="8.373"/>
  <system-out/>
</testsuite> <!-- seliniumcommands.DemoWebShop -->
