<?xml version="1.0" encoding="UTF-8"?>
<!-- Generated by org.testng.reporters.JUnitReportReporter -->
<testsuite hostname="LAPTOP-5FML62AU" failures="0" tests="1" name="seliniumcommands.LocatorsAndCommands" time="9.491" errors="0" timestamp="2023-06-06T13:20:10 IST" skipped="0">
  <testcase classname="seliniumcommands.LocatorsAndCommands" name="tc_008_verifyInputValuesAndIntegerConversion" time="9.491"/>
  <system-out/>
</testsuite> <!-- seliniumcommands.LocatorsAndCommands -->
